[    7524ms] [INFO] %cDownload the React DevTools for a better development experience: https://reactjs.org/link/react-devtools font-weight:bold @ http://localhost:3001/static/js/bundle.js:27952
[   13742ms] [ERROR] Missing property @ https://unpkg.com/@splinetool/viewer@1.12.73/build/spline-viewer.js:8141
[  298800ms] [WARNING] [.WebGL-0xe4403a90000] GL_INVALID_VALUE: glTexStorage2D: Texture dimensions must all be greater than zero. @ http://localhost:3001/:0
[  298800ms] [WARNING] [.WebGL-0xe4403a90000] GL_INVALID_FRAMEBUFFER_OPERATION: glClear: Framebuffer is incomplete: Attachment has zero size. @ http://localhost:3001/:0
[  298800ms] [WARNING] [.WebGL-0xe4403a90000] GL_INVALID_FRAMEBUFFER_OPERATION: glClearBufferfv: Framebuffer is incomplete: Attachment has zero size. @ http://localhost:3001/:0
[  298819ms] [WARNING] [.WebGL-0xe4403a90000] GL_INVALID_FRAMEBUFFER_OPERATION: glDrawElements: Framebuffer is incomplete: Attachment has zero size. @ http://localhost:3001/:0
[  298819ms] [WARNING] [.WebGL-0xe4403a90000] GL_INVALID_FRAMEBUFFER_OPERATION: glDrawElements: Framebuffer is incomplete: Attachment has zero size. @ http://localhost:3001/:0
[  298819ms] [WARNING] [.WebGL-0xe4403a90000] GL_INVALID_FRAMEBUFFER_OPERATION: glDrawElements: Framebuffer is incomplete: Attachment has zero size. @ http://localhost:3001/:0
[  298819ms] [WARNING] [.WebGL-0xe4403a90000] GL_INVALID_FRAMEBUFFER_OPERATION: glDrawElements: Framebuffer is incomplete: Attachment has zero size. @ http://localhost:3001/:0
[  298819ms] [WARNING] [.WebGL-0xe4403a90000] GL_INVALID_FRAMEBUFFER_OPERATION: glDrawElements: Framebuffer is incomplete: Attachment has zero size. @ http://localhost:3001/:0
[  298819ms] [WARNING] [.WebGL-0xe4403a90000] GL_INVALID_FRAMEBUFFER_OPERATION: glDrawElements: Framebuffer is incomplete: Attachment has zero size. @ http://localhost:3001/:0
[  298819ms] [WARNING] [.WebGL-0xe4403a90000] GL_INVALID_FRAMEBUFFER_OPERATION: glDrawElements: Framebuffer is incomplete: Attachment has zero size. @ http://localhost:3001/:0
[  298819ms] [WARNING] [.WebGL-0xe4403a90000] GL_INVALID_FRAMEBUFFER_OPERATION: glDrawElements: Framebuffer is incomplete: Attachment has zero size. @ http://localhost:3001/:0
[  298819ms] [WARNING] [.WebGL-0xe4403a90000] GL_INVALID_FRAMEBUFFER_OPERATION: glDrawElements: Framebuffer is incomplete: Attachment has zero size. @ http://localhost:3001/:0
[  298819ms] [WARNING] [.WebGL-0xe4403a90000] GL_INVALID_FRAMEBUFFER_OPERATION: glDrawElements: Framebuffer is incomplete: Attachment has zero size. @ http://localhost:3001/:0
[  298819ms] [WARNING] [.WebGL-0xe4403a90000] GL_INVALID_FRAMEBUFFER_OPERATION: glDrawElements: Framebuffer is incomplete: Attachment has zero size. @ http://localhost:3001/:0
[  298819ms] [WARNING] [.WebGL-0xe4403a90000] GL_INVALID_FRAMEBUFFER_OPERATION: glDrawElements: Framebuffer is incomplete: Attachment has zero size. @ http://localhost:3001/:0
[  298819ms] [WARNING] [.WebGL-0xe4403a90000] GL_INVALID_FRAMEBUFFER_OPERATION: glDrawElements: Framebuffer is incomplete: Attachment has zero size. @ http://localhost:3001/:0
[  298819ms] [WARNING] [.WebGL-0xe4403a90000] GL_INVALID_FRAMEBUFFER_OPERATION: glDrawElements: Framebuffer is incomplete: Attachment has zero size. @ http://localhost:3001/:0
[  298819ms] [WARNING] [.WebGL-0xe4403a90000] GL_INVALID_FRAMEBUFFER_OPERATION: glDrawElements: Framebuffer is incomplete: Attachment has zero size. @ http://localhost:3001/:0
[  298820ms] [WARNING] [.WebGL-0xe4403a90000] GL_INVALID_FRAMEBUFFER_OPERATION: glDrawElements: Framebuffer is incomplete: Attachment has zero size. @ http://localhost:3001/:0
[  298820ms] [WARNING] [.WebGL-0xe4403a90000] GL_INVALID_FRAMEBUFFER_OPERATION: glDrawElements: Framebuffer is incomplete: Attachment has zero size. @ http://localhost:3001/:0
[  298820ms] [WARNING] [.WebGL-0xe4403a90000] GL_INVALID_FRAMEBUFFER_OPERATION: glDrawElements: Framebuffer is incomplete: Attachment has zero size. @ http://localhost:3001/:0
[  298820ms] [WARNING] [.WebGL-0xe4403a90000] GL_INVALID_FRAMEBUFFER_OPERATION: glDrawElements: Framebuffer is incomplete: Attachment has zero size. @ http://localhost:3001/:0
[  298820ms] [WARNING] [.WebGL-0xe4403a90000] GL_INVALID_FRAMEBUFFER_OPERATION: glDrawArrays: Framebuffer is incomplete: Attachment has zero size. @ http://localhost:3001/:0
[  298820ms] [WARNING] [.WebGL-0xe4403a90000] GL_INVALID_FRAMEBUFFER_OPERATION: glDrawArrays: Framebuffer is incomplete: Attachment has zero size. @ http://localhost:3001/:0
[  298820ms] [WARNING] [.WebGL-0xe4403a90000] GL_INVALID_FRAMEBUFFER_OPERATION: glDrawArrays: Framebuffer is incomplete: Attachment has zero size. @ http://localhost:3001/:0
[  298820ms] [WARNING] [.WebGL-0xe4403a90000] GL_INVALID_FRAMEBUFFER_OPERATION: glDrawArrays: Framebuffer is incomplete: Attachment has zero size. @ http://localhost:3001/:0
[  298820ms] [WARNING] [.WebGL-0xe4403a90000] GL_INVALID_FRAMEBUFFER_OPERATION: glDrawArrays: Framebuffer is incomplete: Attachment has zero size. @ http://localhost:3001/:0
[  298820ms] [WARNING] [.WebGL-0xe4403a90000] GL_INVALID_FRAMEBUFFER_OPERATION: glDrawArrays: Framebuffer is incomplete: Attachment has zero size. @ http://localhost:3001/:0
[  298820ms] [WARNING] [.WebGL-0xe4403a90000] GL_INVALID_FRAMEBUFFER_OPERATION: glDrawArrays: Framebuffer is incomplete: Attachment has zero size. @ http://localhost:3001/:0
[  298820ms] [WARNING] [.WebGL-0xe4403a90000] GL_INVALID_FRAMEBUFFER_OPERATION: glClear: Framebuffer is incomplete: Attachment has zero size. @ http://localhost:3001/:0
[  298820ms] [WARNING] [.WebGL-0xe4403a90000] GL_INVALID_FRAMEBUFFER_OPERATION: glClearBufferfv: Framebuffer is incomplete: Attachment has zero size. @ http://localhost:3001/:0
[  298820ms] [WARNING] [.WebGL-0xe4403a90000] GL_INVALID_FRAMEBUFFER_OPERATION: glDrawElements: Framebuffer is incomplete: Attachment has zero size. @ http://localhost:3001/:0
[  298820ms] [WARNING] [.WebGL-0xe4403a90000] GL_INVALID_FRAMEBUFFER_OPERATION: glDrawElements: Framebuffer is incomplete: Attachment has zero size. @ http://localhost:3001/:0
[  298820ms] [WARNING] [.WebGL-0xe4403a90000] GL_INVALID_FRAMEBUFFER_OPERATION: glDrawElements: Framebuffer is incomplete: Attachment has zero size. @ http://localhost:3001/:0
[  298820ms] [WARNING] [.WebGL-0xe4403a90000] GL_INVALID_FRAMEBUFFER_OPERATION: glDrawElements: Framebuffer is incomplete: Attachment has zero size. @ http://localhost:3001/:0
[  298820ms] [WARNING] [.WebGL-0xe4403a90000] GL_INVALID_FRAMEBUFFER_OPERATION: glDrawElements: Framebuffer is incomplete: Attachment has zero size. @ http://localhost:3001/:0
[  298820ms] [WARNING] [.WebGL-0xe4403a90000] GL_INVALID_FRAMEBUFFER_OPERATION: glDrawElements: Framebuffer is incomplete: Attachment has zero size. @ http://localhost:3001/:0
[  298820ms] [WARNING] [.WebGL-0xe4403a90000] GL_INVALID_FRAMEBUFFER_OPERATION: glDrawElements: Framebuffer is incomplete: Attachment has zero size. @ http://localhost:3001/:0
[  298820ms] [WARNING] [.WebGL-0xe4403a90000] GL_INVALID_FRAMEBUFFER_OPERATION: glDrawElements: Framebuffer is incomplete: Attachment has zero size. @ http://localhost:3001/:0
[  298820ms] [WARNING] [.WebGL-0xe4403a90000] GL_INVALID_FRAMEBUFFER_OPERATION: glDrawElements: Framebuffer is incomplete: Attachment has zero size. @ http://localhost:3001/:0
[  298823ms] [WARNING] [.WebGL-0xe4403a90000] GL_INVALID_FRAMEBUFFER_OPERATION: glDrawElements: Framebuffer is incomplete: Attachment has zero size. @ http://localhost:3001/:0
[  298823ms] [WARNING] [.WebGL-0xe4403a90000] GL_INVALID_FRAMEBUFFER_OPERATION: glDrawElements: Framebuffer is incomplete: Attachment has zero size. @ http://localhost:3001/:0
[  298823ms] [WARNING] [.WebGL-0xe4403a90000] GL_INVALID_FRAMEBUFFER_OPERATION: glDrawElements: Framebuffer is incomplete: Attachment has zero size. @ http://localhost:3001/:0
[  298823ms] [WARNING] [.WebGL-0xe4403a90000] GL_INVALID_FRAMEBUFFER_OPERATION: glDrawElements: Framebuffer is incomplete: Attachment has zero size. @ http://localhost:3001/:0
[  298823ms] [WARNING] [.WebGL-0xe4403a90000] GL_INVALID_FRAMEBUFFER_OPERATION: glDrawElements: Framebuffer is incomplete: Attachment has zero size. @ http://localhost:3001/:0
[  298823ms] [WARNING] [.WebGL-0xe4403a90000] GL_INVALID_FRAMEBUFFER_OPERATION: glDrawElements: Framebuffer is incomplete: Attachment has zero size. @ http://localhost:3001/:0
[  298823ms] [WARNING] [.WebGL-0xe4403a90000] GL_INVALID_FRAMEBUFFER_OPERATION: glDrawElements: Framebuffer is incomplete: Attachment has zero size. @ http://localhost:3001/:0
[  298823ms] [WARNING] [.WebGL-0xe4403a90000] GL_INVALID_FRAMEBUFFER_OPERATION: glDrawElements: Framebuffer is incomplete: Attachment has zero size. @ http://localhost:3001/:0
[  298823ms] [WARNING] [.WebGL-0xe4403a90000] GL_INVALID_FRAMEBUFFER_OPERATION: glDrawElements: Framebuffer is incomplete: Attachment has zero size. @ http://localhost:3001/:0
[  298823ms] [WARNING] [.WebGL-0xe4403a90000] GL_INVALID_FRAMEBUFFER_OPERATION: glDrawElements: Framebuffer is incomplete: Attachment has zero size. @ http://localhost:3001/:0
[  298823ms] [WARNING] [.WebGL-0xe4403a90000] GL_INVALID_FRAMEBUFFER_OPERATION: glDrawArrays: Framebuffer is incomplete: Attachment has zero size. @ http://localhost:3001/:0
[  298823ms] [WARNING] [.WebGL-0xe4403a90000] GL_INVALID_FRAMEBUFFER_OPERATION: glDrawArrays: Framebuffer is incomplete: Attachment has zero size. @ http://localhost:3001/:0
[  298823ms] [WARNING] [.WebGL-0xe4403a90000] GL_INVALID_FRAMEBUFFER_OPERATION: glDrawArrays: Framebuffer is incomplete: Attachment has zero size. @ http://localhost:3001/:0
[  298823ms] [WARNING] [.WebGL-0xe4403a90000] GL_INVALID_FRAMEBUFFER_OPERATION: glDrawArrays: Framebuffer is incomplete: Attachment has zero size. @ http://localhost:3001/:0
[  298823ms] [WARNING] [.WebGL-0xe4403a90000] GL_INVALID_FRAMEBUFFER_OPERATION: glDrawArrays: Framebuffer is incomplete: Attachment has zero size. @ http://localhost:3001/:0
[  298823ms] [WARNING] [.WebGL-0xe4403a90000] GL_INVALID_FRAMEBUFFER_OPERATION: glDrawArrays: Framebuffer is incomplete: Attachment has zero size. @ http://localhost:3001/:0
[  298823ms] [WARNING] [.WebGL-0xe4403a90000] GL_INVALID_FRAMEBUFFER_OPERATION: glDrawArrays: Framebuffer is incomplete: Attachment has zero size. @ http://localhost:3001/:0
[  298823ms] [WARNING] [.WebGL-0xe4403a90000] GL_INVALID_FRAMEBUFFER_OPERATION: glClear: Framebuffer is incomplete: Attachment has zero size. @ http://localhost:3001/:0
[  298823ms] [WARNING] [.WebGL-0xe4403a90000] GL_INVALID_FRAMEBUFFER_OPERATION: glClearBufferfv: Framebuffer is incomplete: Attachment has zero size. @ http://localhost:3001/:0
[  298842ms] [WARNING] [.WebGL-0xe4403a90000] GL_INVALID_FRAMEBUFFER_OPERATION: glDrawElements: Framebuffer is incomplete: Attachment has zero size. @ http://localhost:3001/:0
[  298843ms] [WARNING] [.WebGL-0xe4403a90000] GL_INVALID_FRAMEBUFFER_OPERATION: glDrawElements: Framebuffer is incomplete: Attachment has zero size. @ http://localhost:3001/:0
[  298843ms] [WARNING] [.WebGL-0xe4403a90000] GL_INVALID_FRAMEBUFFER_OPERATION: glDrawElements: Framebuffer is incomplete: Attachment has zero size. @ http://localhost:3001/:0
[  298843ms] [WARNING] [.WebGL-0xe4403a90000] GL_INVALID_FRAMEBUFFER_OPERATION: glDrawElements: Framebuffer is incomplete: Attachment has zero size. @ http://localhost:3001/:0
[  298843ms] [WARNING] [.WebGL-0xe4403a90000] GL_INVALID_FRAMEBUFFER_OPERATION: glDrawElements: Framebuffer is incomplete: Attachment has zero size. @ http://localhost:3001/:0
[  298843ms] [WARNING] [.WebGL-0xe4403a90000] GL_INVALID_FRAMEBUFFER_OPERATION: glDrawElements: Framebuffer is incomplete: Attachment has zero size. @ http://localhost:3001/:0
[  298843ms] [WARNING] [.WebGL-0xe4403a90000] GL_INVALID_FRAMEBUFFER_OPERATION: glDrawElements: Framebuffer is incomplete: Attachment has zero size. @ http://localhost:3001/:0
[  298843ms] [WARNING] [.WebGL-0xe4403a90000] GL_INVALID_FRAMEBUFFER_OPERATION: glDrawElements: Framebuffer is incomplete: Attachment has zero size. @ http://localhost:3001/:0
[  298843ms] [WARNING] [.WebGL-0xe4403a90000] GL_INVALID_FRAMEBUFFER_OPERATION: glDrawElements: Framebuffer is incomplete: Attachment has zero size. @ http://localhost:3001/:0
[  298843ms] [WARNING] [.WebGL-0xe4403a90000] GL_INVALID_FRAMEBUFFER_OPERATION: glDrawElements: Framebuffer is incomplete: Attachment has zero size. @ http://localhost:3001/:0
[  298843ms] [WARNING] [.WebGL-0xe4403a90000] GL_INVALID_FRAMEBUFFER_OPERATION: glDrawElements: Framebuffer is incomplete: Attachment has zero size. @ http://localhost:3001/:0
[  298843ms] [WARNING] [.WebGL-0xe4403a90000] GL_INVALID_FRAMEBUFFER_OPERATION: glDrawElements: Framebuffer is incomplete: Attachment has zero size. @ http://localhost:3001/:0
[  298843ms] [WARNING] [.WebGL-0xe4403a90000] GL_INVALID_FRAMEBUFFER_OPERATION: glDrawElements: Framebuffer is incomplete: Attachment has zero size. @ http://localhost:3001/:0
[  298843ms] [WARNING] [.WebGL-0xe4403a90000] GL_INVALID_FRAMEBUFFER_OPERATION: glDrawElements: Framebuffer is incomplete: Attachment has zero size. @ http://localhost:3001/:0
[  298843ms] [WARNING] [.WebGL-0xe4403a90000] GL_INVALID_FRAMEBUFFER_OPERATION: glDrawElements: Framebuffer is incomplete: Attachment has zero size. @ http://localhost:3001/:0
[  298843ms] [WARNING] [.WebGL-0xe4403a90000] GL_INVALID_FRAMEBUFFER_OPERATION: glDrawElements: Framebuffer is incomplete: Attachment has zero size. @ http://localhost:3001/:0
[  298843ms] [WARNING] [.WebGL-0xe4403a90000] GL_INVALID_FRAMEBUFFER_OPERATION: glDrawElements: Framebuffer is incomplete: Attachment has zero size. @ http://localhost:3001/:0
[  298843ms] [WARNING] [.WebGL-0xe4403a90000] GL_INVALID_FRAMEBUFFER_OPERATION: glDrawElements: Framebuffer is incomplete: Attachment has zero size. @ http://localhost:3001/:0
[  298843ms] [WARNING] [.WebGL-0xe4403a90000] GL_INVALID_FRAMEBUFFER_OPERATION: glDrawElements: Framebuffer is incomplete: Attachment has zero size. @ http://localhost:3001/:0
[  298843ms] [WARNING] [.WebGL-0xe4403a90000] GL_INVALID_FRAMEBUFFER_OPERATION: glDrawArrays: Framebuffer is incomplete: Attachment has zero size. @ http://localhost:3001/:0
[  298843ms] [WARNING] [.WebGL-0xe4403a90000] GL_INVALID_FRAMEBUFFER_OPERATION: glDrawArrays: Framebuffer is incomplete: Attachment has zero size. @ http://localhost:3001/:0
[  298843ms] [WARNING] [.WebGL-0xe4403a90000] GL_INVALID_FRAMEBUFFER_OPERATION: glDrawArrays: Framebuffer is incomplete: Attachment has zero size. @ http://localhost:3001/:0
[  298843ms] [WARNING] [.WebGL-0xe4403a90000] GL_INVALID_FRAMEBUFFER_OPERATION: glDrawArrays: Framebuffer is incomplete: Attachment has zero size. @ http://localhost:3001/:0
[  298843ms] [WARNING] [.WebGL-0xe4403a90000] GL_INVALID_FRAMEBUFFER_OPERATION: glDrawArrays: Framebuffer is incomplete: Attachment has zero size. @ http://localhost:3001/:0
[  298843ms] [WARNING] [.WebGL-0xe4403a90000] GL_INVALID_FRAMEBUFFER_OPERATION: glDrawArrays: Framebuffer is incomplete: Attachment has zero size. @ http://localhost:3001/:0
[  298843ms] [WARNING] [.WebGL-0xe4403a90000] GL_INVALID_FRAMEBUFFER_OPERATION: glDrawArrays: Framebuffer is incomplete: Attachment has zero size. @ http://localhost:3001/:0
[  298843ms] [WARNING] [.WebGL-0xe4403a90000] GL_INVALID_FRAMEBUFFER_OPERATION: glClear: Framebuffer is incomplete: Attachment has zero size. @ http://localhost:3001/:0
[  298843ms] [WARNING] [.WebGL-0xe4403a90000] GL_INVALID_FRAMEBUFFER_OPERATION: glClearBufferfv: Framebuffer is incomplete: Attachment has zero size. @ http://localhost:3001/:0
[  298843ms] [WARNING] [.WebGL-0xe4403a90000] GL_INVALID_FRAMEBUFFER_OPERATION: glDrawElements: Framebuffer is incomplete: Attachment has zero size. @ http://localhost:3001/:0
[  298843ms] [WARNING] [.WebGL-0xe4403a90000] GL_INVALID_FRAMEBUFFER_OPERATION: glDrawElements: Framebuffer is incomplete: Attachment has zero size. @ http://localhost:3001/:0
[  298843ms] [WARNING] [.WebGL-0xe4403a90000] GL_INVALID_FRAMEBUFFER_OPERATION: glDrawElements: Framebuffer is incomplete: Attachment has zero size. @ http://localhost:3001/:0
[  298843ms] [WARNING] [.WebGL-0xe4403a90000] GL_INVALID_FRAMEBUFFER_OPERATION: glDrawElements: Framebuffer is incomplete: Attachment has zero size. @ http://localhost:3001/:0
[  298843ms] [WARNING] [.WebGL-0xe4403a90000] GL_INVALID_FRAMEBUFFER_OPERATION: glDrawElements: Framebuffer is incomplete: Attachment has zero size. @ http://localhost:3001/:0
[  298843ms] [WARNING] [.WebGL-0xe4403a90000] GL_INVALID_FRAMEBUFFER_OPERATION: glDrawElements: Framebuffer is incomplete: Attachment has zero size. @ http://localhost:3001/:0
[  298843ms] [WARNING] [.WebGL-0xe4403a90000] GL_INVALID_FRAMEBUFFER_OPERATION: glDrawElements: Framebuffer is incomplete: Attachment has zero size. @ http://localhost:3001/:0
[  298843ms] [WARNING] [.WebGL-0xe4403a90000] GL_INVALID_FRAMEBUFFER_OPERATION: glDrawElements: Framebuffer is incomplete: Attachment has zero size. @ http://localhost:3001/:0
[  298843ms] [WARNING] [.WebGL-0xe4403a90000] GL_INVALID_FRAMEBUFFER_OPERATION: glDrawElements: Framebuffer is incomplete: Attachment has zero size. @ http://localhost:3001/:0
[  298843ms] [WARNING] [.WebGL-0xe4403a90000] GL_INVALID_FRAMEBUFFER_OPERATION: glDrawElements: Framebuffer is incomplete: Attachment has zero size. @ http://localhost:3001/:0
[  298843ms] [WARNING] [.WebGL-0xe4403a90000] GL_INVALID_FRAMEBUFFER_OPERATION: glDrawElements: Framebuffer is incomplete: Attachment has zero size. @ http://localhost:3001/:0
[  298843ms] [WARNING] [.WebGL-0xe4403a90000] GL_INVALID_FRAMEBUFFER_OPERATION: glDrawElements: Framebuffer is incomplete: Attachment has zero size. @ http://localhost:3001/:0
[  298843ms] [WARNING] [.WebGL-0xe4403a90000] GL_INVALID_FRAMEBUFFER_OPERATION: glDrawElements: Framebuffer is incomplete: Attachment has zero size. @ http://localhost:3001/:0
[  298843ms] [WARNING] [.WebGL-0xe4403a90000] GL_INVALID_FRAMEBUFFER_OPERATION: glDrawElements: Framebuffer is incomplete: Attachment has zero size. @ http://localhost:3001/:0
[  298843ms] [WARNING] [.WebGL-0xe4403a90000] GL_INVALID_FRAMEBUFFER_OPERATION: glDrawElements: Framebuffer is incomplete: Attachment has zero size. @ http://localhost:3001/:0
[  298843ms] [WARNING] [.WebGL-0xe4403a90000] GL_INVALID_FRAMEBUFFER_OPERATION: glDrawElements: Framebuffer is incomplete: Attachment has zero size. @ http://localhost:3001/:0
[  298843ms] [WARNING] [.WebGL-0xe4403a90000] GL_INVALID_FRAMEBUFFER_OPERATION: glDrawElements: Framebuffer is incomplete: Attachment has zero size. @ http://localhost:3001/:0
[  298843ms] [WARNING] [.WebGL-0xe4403a90000] GL_INVALID_FRAMEBUFFER_OPERATION: glDrawElements: Framebuffer is incomplete: Attachment has zero size. @ http://localhost:3001/:0
[  298843ms] [WARNING] [.WebGL-0xe4403a90000] GL_INVALID_FRAMEBUFFER_OPERATION: glDrawElements: Framebuffer is incomplete: Attachment has zero size. @ http://localhost:3001/:0
[  298843ms] [WARNING] [.WebGL-0xe4403a90000] GL_INVALID_FRAMEBUFFER_OPERATION: glDrawArrays: Framebuffer is incomplete: Attachment has zero size. @ http://localhost:3001/:0
[  298845ms] [WARNING] [.WebGL-0xe4403a90000] GL_INVALID_FRAMEBUFFER_OPERATION: glDrawArrays: Framebuffer is incomplete: Attachment has zero size. @ http://localhost:3001/:0
[  298845ms] [WARNING] [.WebGL-0xe4403a90000] GL_INVALID_FRAMEBUFFER_OPERATION: glDrawArrays: Framebuffer is incomplete: Attachment has zero size. @ http://localhost:3001/:0
[  298845ms] [WARNING] [.WebGL-0xe4403a90000] GL_INVALID_FRAMEBUFFER_OPERATION: glDrawArrays: Framebuffer is incomplete: Attachment has zero size. @ http://localhost:3001/:0
[  298846ms] [WARNING] [.WebGL-0xe4403a90000] GL_INVALID_FRAMEBUFFER_OPERATION: glDrawArrays: Framebuffer is incomplete: Attachment has zero size. @ http://localhost:3001/:0
[  298846ms] [WARNING] [.WebGL-0xe4403a90000] GL_INVALID_FRAMEBUFFER_OPERATION: glDrawArrays: Framebuffer is incomplete: Attachment has zero size. @ http://localhost:3001/:0
[  298846ms] [WARNING] [.WebGL-0xe4403a90000] GL_INVALID_FRAMEBUFFER_OPERATION: glDrawArrays: Framebuffer is incomplete: Attachment has zero size. @ http://localhost:3001/:0
[  298846ms] [WARNING] [.WebGL-0xe4403a90000] GL_INVALID_FRAMEBUFFER_OPERATION: glClear: Framebuffer is incomplete: Attachment has zero size. @ http://localhost:3001/:0
[  298846ms] [WARNING] [.WebGL-0xe4403a90000] GL_INVALID_FRAMEBUFFER_OPERATION: glClearBufferfv: Framebuffer is incomplete: Attachment has zero size. @ http://localhost:3001/:0
[  298865ms] [WARNING] [.WebGL-0xe4403a90000] GL_INVALID_FRAMEBUFFER_OPERATION: glDrawElements: Framebuffer is incomplete: Attachment has zero size. @ http://localhost:3001/:0
[  298865ms] [WARNING] [.WebGL-0xe4403a90000] GL_INVALID_FRAMEBUFFER_OPERATION: glDrawElements: Framebuffer is incomplete: Attachment has zero size. @ http://localhost:3001/:0
[  298865ms] [WARNING] [.WebGL-0xe4403a90000] GL_INVALID_FRAMEBUFFER_OPERATION: glDrawElements: Framebuffer is incomplete: Attachment has zero size. @ http://localhost:3001/:0
[  298865ms] [WARNING] [.WebGL-0xe4403a90000] GL_INVALID_FRAMEBUFFER_OPERATION: glDrawElements: Framebuffer is incomplete: Attachment has zero size. @ http://localhost:3001/:0
[  298865ms] [WARNING] [.WebGL-0xe4403a90000] GL_INVALID_FRAMEBUFFER_OPERATION: glDrawElements: Framebuffer is incomplete: Attachment has zero size. @ http://localhost:3001/:0
[  298865ms] [WARNING] [.WebGL-0xe4403a90000] GL_INVALID_FRAMEBUFFER_OPERATION: glDrawElements: Framebuffer is incomplete: Attachment has zero size. @ http://localhost:3001/:0
[  298865ms] [WARNING] [.WebGL-0xe4403a90000] GL_INVALID_FRAMEBUFFER_OPERATION: glDrawElements: Framebuffer is incomplete: Attachment has zero size. @ http://localhost:3001/:0
[  298865ms] [WARNING] [.WebGL-0xe4403a90000] GL_INVALID_FRAMEBUFFER_OPERATION: glDrawElements: Framebuffer is incomplete: Attachment has zero size. @ http://localhost:3001/:0
[  298865ms] [WARNING] [.WebGL-0xe4403a90000] GL_INVALID_FRAMEBUFFER_OPERATION: glDrawElements: Framebuffer is incomplete: Attachment has zero size. @ http://localhost:3001/:0
[  298865ms] [WARNING] [.WebGL-0xe4403a90000] GL_INVALID_FRAMEBUFFER_OPERATION: glDrawElements: Framebuffer is incomplete: Attachment has zero size. @ http://localhost:3001/:0
[  298865ms] [WARNING] [.WebGL-0xe4403a90000] GL_INVALID_FRAMEBUFFER_OPERATION: glDrawElements: Framebuffer is incomplete: Attachment has zero size. @ http://localhost:3001/:0
[  298865ms] [WARNING] [.WebGL-0xe4403a90000] GL_INVALID_FRAMEBUFFER_OPERATION: glDrawElements: Framebuffer is incomplete: Attachment has zero size. @ http://localhost:3001/:0
[  298865ms] [WARNING] [.WebGL-0xe4403a90000] GL_INVALID_FRAMEBUFFER_OPERATION: glDrawElements: Framebuffer is incomplete: Attachment has zero size. @ http://localhost:3001/:0
[  298865ms] [WARNING] [.WebGL-0xe4403a90000] GL_INVALID_FRAMEBUFFER_OPERATION: glDrawElements: Framebuffer is incomplete: Attachment has zero size. @ http://localhost:3001/:0
[  298865ms] [WARNING] [.WebGL-0xe4403a90000] GL_INVALID_FRAMEBUFFER_OPERATION: glDrawElements: Framebuffer is incomplete: Attachment has zero size. @ http://localhost:3001/:0
[  298865ms] [WARNING] [.WebGL-0xe4403a90000] GL_INVALID_FRAMEBUFFER_OPERATION: glDrawElements: Framebuffer is incomplete: Attachment has zero size. @ http://localhost:3001/:0
[  298865ms] [WARNING] [.WebGL-0xe4403a90000] GL_INVALID_FRAMEBUFFER_OPERATION: glDrawElements: Framebuffer is incomplete: Attachment has zero size. @ http://localhost:3001/:0
[  298865ms] [WARNING] [.WebGL-0xe4403a90000] GL_INVALID_FRAMEBUFFER_OPERATION: glDrawElements: Framebuffer is incomplete: Attachment has zero size. @ http://localhost:3001/:0
[  298865ms] [WARNING] [.WebGL-0xe4403a90000] GL_INVALID_FRAMEBUFFER_OPERATION: glDrawElements: Framebuffer is incomplete: Attachment has zero size. @ http://localhost:3001/:0
[  298865ms] [WARNING] [.WebGL-0xe4403a90000] GL_INVALID_FRAMEBUFFER_OPERATION: glDrawArrays: Framebuffer is incomplete: Attachment has zero size. @ http://localhost:3001/:0
[  298865ms] [WARNING] [.WebGL-0xe4403a90000] GL_INVALID_FRAMEBUFFER_OPERATION: glDrawArrays: Framebuffer is incomplete: Attachment has zero size. @ http://localhost:3001/:0
[  298865ms] [WARNING] [.WebGL-0xe4403a90000] GL_INVALID_FRAMEBUFFER_OPERATION: glDrawArrays: Framebuffer is incomplete: Attachment has zero size. @ http://localhost:3001/:0
[  298865ms] [WARNING] [.WebGL-0xe4403a90000] GL_INVALID_FRAMEBUFFER_OPERATION: glDrawArrays: Framebuffer is incomplete: Attachment has zero size. @ http://localhost:3001/:0
[  298865ms] [WARNING] [.WebGL-0xe4403a90000] GL_INVALID_FRAMEBUFFER_OPERATION: glDrawArrays: Framebuffer is incomplete: Attachment has zero size. @ http://localhost:3001/:0
[  298865ms] [WARNING] [.WebGL-0xe4403a90000] GL_INVALID_FRAMEBUFFER_OPERATION: glDrawArrays: Framebuffer is incomplete: Attachment has zero size. @ http://localhost:3001/:0
[  298865ms] [WARNING] [.WebGL-0xe4403a90000] GL_INVALID_FRAMEBUFFER_OPERATION: glDrawArrays: Framebuffer is incomplete: Attachment has zero size. @ http://localhost:3001/:0
[  298865ms] [WARNING] [.WebGL-0xe4403a90000] GL_INVALID_FRAMEBUFFER_OPERATION: glClear: Framebuffer is incomplete: Attachment has zero size. @ http://localhost:3001/:0
[  298865ms] [WARNING] [.WebGL-0xe4403a90000] GL_INVALID_FRAMEBUFFER_OPERATION: glClearBufferfv: Framebuffer is incomplete: Attachment has zero size. @ http://localhost:3001/:0
[  298865ms] [WARNING] [.WebGL-0xe4403a90000] GL_INVALID_FRAMEBUFFER_OPERATION: glDrawElements: Framebuffer is incomplete: Attachment has zero size. @ http://localhost:3001/:0
[  298865ms] [WARNING] [.WebGL-0xe4403a90000] GL_INVALID_FRAMEBUFFER_OPERATION: glDrawElements: Framebuffer is incomplete: Attachment has zero size. @ http://localhost:3001/:0
[  298865ms] [WARNING] [.WebGL-0xe4403a90000] GL_INVALID_FRAMEBUFFER_OPERATION: glDrawElements: Framebuffer is incomplete: Attachment has zero size. @ http://localhost:3001/:0
[  298865ms] [WARNING] [.WebGL-0xe4403a90000] GL_INVALID_FRAMEBUFFER_OPERATION: glDrawElements: Framebuffer is incomplete: Attachment has zero size. @ http://localhost:3001/:0
[  298866ms] [WARNING] [.WebGL-0xe4403a90000] GL_INVALID_FRAMEBUFFER_OPERATION: glDrawElements: Framebuffer is incomplete: Attachment has zero size. @ http://localhost:3001/:0
[  298866ms] [WARNING] [.WebGL-0xe4403a90000] GL_INVALID_FRAMEBUFFER_OPERATION: glDrawElements: Framebuffer is incomplete: Attachment has zero size. @ http://localhost:3001/:0
[  298866ms] [WARNING] [.WebGL-0xe4403a90000] GL_INVALID_FRAMEBUFFER_OPERATION: glDrawElements: Framebuffer is incomplete: Attachment has zero size. @ http://localhost:3001/:0
[  298866ms] [WARNING] [.WebGL-0xe4403a90000] GL_INVALID_FRAMEBUFFER_OPERATION: glDrawElements: Framebuffer is incomplete: Attachment has zero size. @ http://localhost:3001/:0
[  298866ms] [WARNING] [.WebGL-0xe4403a90000] GL_INVALID_FRAMEBUFFER_OPERATION: glDrawElements: Framebuffer is incomplete: Attachment has zero size. @ http://localhost:3001/:0
[  298866ms] [WARNING] [.WebGL-0xe4403a90000] GL_INVALID_FRAMEBUFFER_OPERATION: glDrawElements: Framebuffer is incomplete: Attachment has zero size. @ http://localhost:3001/:0
[  298866ms] [WARNING] [.WebGL-0xe4403a90000] GL_INVALID_FRAMEBUFFER_OPERATION: glDrawElements: Framebuffer is incomplete: Attachment has zero size. @ http://localhost:3001/:0
[  298866ms] [WARNING] [.WebGL-0xe4403a90000] GL_INVALID_FRAMEBUFFER_OPERATION: glDrawElements: Framebuffer is incomplete: Attachment has zero size. @ http://localhost:3001/:0
[  298866ms] [WARNING] [.WebGL-0xe4403a90000] GL_INVALID_FRAMEBUFFER_OPERATION: glDrawElements: Framebuffer is incomplete: Attachment has zero size. @ http://localhost:3001/:0
[  298866ms] [WARNING] [.WebGL-0xe4403a90000] GL_INVALID_FRAMEBUFFER_OPERATION: glDrawElements: Framebuffer is incomplete: Attachment has zero size. @ http://localhost:3001/:0
[  298866ms] [WARNING] [.WebGL-0xe4403a90000] GL_INVALID_FRAMEBUFFER_OPERATION: glDrawElements: Framebuffer is incomplete: Attachment has zero size. @ http://localhost:3001/:0
[  298866ms] [WARNING] [.WebGL-0xe4403a90000] GL_INVALID_FRAMEBUFFER_OPERATION: glDrawElements: Framebuffer is incomplete: Attachment has zero size. @ http://localhost:3001/:0
[  298866ms] [WARNING] [.WebGL-0xe4403a90000] GL_INVALID_FRAMEBUFFER_OPERATION: glDrawElements: Framebuffer is incomplete: Attachment has zero size. @ http://localhost:3001/:0
[  298866ms] [WARNING] [.WebGL-0xe4403a90000] GL_INVALID_FRAMEBUFFER_OPERATION: glDrawElements: Framebuffer is incomplete: Attachment has zero size. @ http://localhost:3001/:0
[  298866ms] [WARNING] [.WebGL-0xe4403a90000] GL_INVALID_FRAMEBUFFER_OPERATION: glDrawElements: Framebuffer is incomplete: Attachment has zero size. @ http://localhost:3001/:0
[  298866ms] [WARNING] [.WebGL-0xe4403a90000] GL_INVALID_FRAMEBUFFER_OPERATION: glDrawArrays: Framebuffer is incomplete: Attachment has zero size. @ http://localhost:3001/:0
[  298866ms] [WARNING] [.WebGL-0xe4403a90000] GL_INVALID_FRAMEBUFFER_OPERATION: glDrawArrays: Framebuffer is incomplete: Attachment has zero size. @ http://localhost:3001/:0
[  298866ms] [WARNING] [.WebGL-0xe4403a90000] GL_INVALID_FRAMEBUFFER_OPERATION: glDrawArrays: Framebuffer is incomplete: Attachment has zero size. @ http://localhost:3001/:0
[  298866ms] [WARNING] [.WebGL-0xe4403a90000] GL_INVALID_FRAMEBUFFER_OPERATION: glDrawArrays: Framebuffer is incomplete: Attachment has zero size. @ http://localhost:3001/:0
[  298866ms] [WARNING] [.WebGL-0xe4403a90000] GL_INVALID_FRAMEBUFFER_OPERATION: glDrawArrays: Framebuffer is incomplete: Attachment has zero size. @ http://localhost:3001/:0
[  298866ms] [WARNING] [.WebGL-0xe4403a90000] GL_INVALID_FRAMEBUFFER_OPERATION: glDrawArrays: Framebuffer is incomplete: Attachment has zero size. @ http://localhost:3001/:0
[  298869ms] [WARNING] [.WebGL-0xe4403a90000] GL_INVALID_FRAMEBUFFER_OPERATION: glDrawArrays: Framebuffer is incomplete: Attachment has zero size. @ http://localhost:3001/:0
[  298869ms] [WARNING] [.WebGL-0xe4403a90000] GL_INVALID_FRAMEBUFFER_OPERATION: glClear: Framebuffer is incomplete: Attachment has zero size. @ http://localhost:3001/:0
[  298869ms] [WARNING] [.WebGL-0xe4403a90000] GL_INVALID_FRAMEBUFFER_OPERATION: glClearBufferfv: Framebuffer is incomplete: Attachment has zero size. @ http://localhost:3001/:0
[  298869ms] [WARNING] [.WebGL-0xe4403a90000] GL_INVALID_FRAMEBUFFER_OPERATION: glDrawElements: Framebuffer is incomplete: Attachment has zero size. @ http://localhost:3001/:0
[  298869ms] [WARNING] [.WebGL-0xe4403a90000] GL_INVALID_FRAMEBUFFER_OPERATION: glDrawElements: Framebuffer is incomplete: Attachment has zero size. @ http://localhost:3001/:0
[  298869ms] [WARNING] [.WebGL-0xe4403a90000] GL_INVALID_FRAMEBUFFER_OPERATION: glDrawElements: Framebuffer is incomplete: Attachment has zero size. @ http://localhost:3001/:0
[  298869ms] [WARNING] [.WebGL-0xe4403a90000] GL_INVALID_FRAMEBUFFER_OPERATION: glDrawElements: Framebuffer is incomplete: Attachment has zero size. @ http://localhost:3001/:0
[  298869ms] [WARNING] [.WebGL-0xe4403a90000] GL_INVALID_FRAMEBUFFER_OPERATION: glDrawElements: Framebuffer is incomplete: Attachment has zero size. @ http://localhost:3001/:0
[  298869ms] [WARNING] [.WebGL-0xe4403a90000] GL_INVALID_FRAMEBUFFER_OPERATION: glDrawElements: Framebuffer is incomplete: Attachment has zero size. @ http://localhost:3001/:0
[  298869ms] [WARNING] [.WebGL-0xe4403a90000] GL_INVALID_FRAMEBUFFER_OPERATION: glDrawElements: Framebuffer is incomplete: Attachment has zero size. @ http://localhost:3001/:0
[  298869ms] [WARNING] [.WebGL-0xe4403a90000] GL_INVALID_FRAMEBUFFER_OPERATION: glDrawElements: Framebuffer is incomplete: Attachment has zero size. @ http://localhost:3001/:0
[  298869ms] [WARNING] [.WebGL-0xe4403a90000] GL_INVALID_FRAMEBUFFER_OPERATION: glDrawElements: Framebuffer is incomplete: Attachment has zero size. @ http://localhost:3001/:0
[  298869ms] [WARNING] [.WebGL-0xe4403a90000] GL_INVALID_FRAMEBUFFER_OPERATION: glDrawElements: Framebuffer is incomplete: Attachment has zero size. @ http://localhost:3001/:0
[  298892ms] [WARNING] [.WebGL-0xe4403a90000] GL_INVALID_FRAMEBUFFER_OPERATION: glDrawElements: Framebuffer is incomplete: Attachment has zero size. @ http://localhost:3001/:0
[  298892ms] [WARNING] [.WebGL-0xe4403a90000] GL_INVALID_FRAMEBUFFER_OPERATION: glDrawElements: Framebuffer is incomplete: Attachment has zero size. @ http://localhost:3001/:0
[  298892ms] [WARNING] [.WebGL-0xe4403a90000] GL_INVALID_FRAMEBUFFER_OPERATION: glDrawElements: Framebuffer is incomplete: Attachment has zero size. @ http://localhost:3001/:0
[  298892ms] [WARNING] [.WebGL-0xe4403a90000] GL_INVALID_FRAMEBUFFER_OPERATION: glDrawElements: Framebuffer is incomplete: Attachment has zero size. @ http://localhost:3001/:0
[  298892ms] [WARNING] [.WebGL-0xe4403a90000] GL_INVALID_FRAMEBUFFER_OPERATION: glDrawElements: Framebuffer is incomplete: Attachment has zero size. @ http://localhost:3001/:0
[  298892ms] [WARNING] [.WebGL-0xe4403a90000] GL_INVALID_FRAMEBUFFER_OPERATION: glDrawElements: Framebuffer is incomplete: Attachment has zero size. @ http://localhost:3001/:0
[  298892ms] [WARNING] [.WebGL-0xe4403a90000] GL_INVALID_FRAMEBUFFER_OPERATION: glDrawElements: Framebuffer is incomplete: Attachment has zero size. @ http://localhost:3001/:0
[  298892ms] [WARNING] [.WebGL-0xe4403a90000] GL_INVALID_FRAMEBUFFER_OPERATION: glDrawElements: Framebuffer is incomplete: Attachment has zero size. @ http://localhost:3001/:0
[  298892ms] [WARNING] [.WebGL-0xe4403a90000] GL_INVALID_FRAMEBUFFER_OPERATION: glDrawElements: Framebuffer is incomplete: Attachment has zero size. @ http://localhost:3001/:0
[  298892ms] [WARNING] [.WebGL-0xe4403a90000] GL_INVALID_FRAMEBUFFER_OPERATION: glDrawArrays: Framebuffer is incomplete: Attachment has zero size. @ http://localhost:3001/:0
[  298892ms] [WARNING] [.WebGL-0xe4403a90000] GL_INVALID_FRAMEBUFFER_OPERATION: glDrawArrays: Framebuffer is incomplete: Attachment has zero size. @ http://localhost:3001/:0
[  298892ms] [WARNING] [.WebGL-0xe4403a90000] GL_INVALID_FRAMEBUFFER_OPERATION: glDrawArrays: Framebuffer is incomplete: Attachment has zero size. @ http://localhost:3001/:0
[  298892ms] [WARNING] [.WebGL-0xe4403a90000] GL_INVALID_FRAMEBUFFER_OPERATION: glDrawArrays: Framebuffer is incomplete: Attachment has zero size. @ http://localhost:3001/:0
[  298892ms] [WARNING] [.WebGL-0xe4403a90000] GL_INVALID_FRAMEBUFFER_OPERATION: glDrawArrays: Framebuffer is incomplete: Attachment has zero size. @ http://localhost:3001/:0
[  298892ms] [WARNING] [.WebGL-0xe4403a90000] GL_INVALID_FRAMEBUFFER_OPERATION: glDrawArrays: Framebuffer is incomplete: Attachment has zero size. @ http://localhost:3001/:0
[  298892ms] [WARNING] [.WebGL-0xe4403a90000] GL_INVALID_FRAMEBUFFER_OPERATION: glDrawArrays: Framebuffer is incomplete: Attachment has zero size. @ http://localhost:3001/:0
[  298892ms] [WARNING] [.WebGL-0xe4403a90000] GL_INVALID_FRAMEBUFFER_OPERATION: glClear: Framebuffer is incomplete: Attachment has zero size. @ http://localhost:3001/:0
[  298892ms] [WARNING] [.WebGL-0xe4403a90000] GL_INVALID_FRAMEBUFFER_OPERATION: glClearBufferfv: Framebuffer is incomplete: Attachment has zero size. @ http://localhost:3001/:0
[  298892ms] [WARNING] [.WebGL-0xe4403a90000] GL_INVALID_FRAMEBUFFER_OPERATION: glDrawElements: Framebuffer is incomplete: Attachment has zero size. @ http://localhost:3001/:0
[  298892ms] [WARNING] [.WebGL-0xe4403a90000] GL_INVALID_FRAMEBUFFER_OPERATION: glDrawElements: Framebuffer is incomplete: Attachment has zero size. @ http://localhost:3001/:0
[  298892ms] [WARNING] [.WebGL-0xe4403a90000] GL_INVALID_FRAMEBUFFER_OPERATION: glDrawElements: Framebuffer is incomplete: Attachment has zero size. @ http://localhost:3001/:0
[  298892ms] [WARNING] [.WebGL-0xe4403a90000] GL_INVALID_FRAMEBUFFER_OPERATION: glDrawElements: Framebuffer is incomplete: Attachment has zero size. @ http://localhost:3001/:0
[  298892ms] [WARNING] [.WebGL-0xe4403a90000] GL_INVALID_FRAMEBUFFER_OPERATION: glDrawElements: Framebuffer is incomplete: Attachment has zero size. @ http://localhost:3001/:0
[  298892ms] [WARNING] [.WebGL-0xe4403a90000] GL_INVALID_FRAMEBUFFER_OPERATION: glDrawElements: Framebuffer is incomplete: Attachment has zero size. @ http://localhost:3001/:0
[  298892ms] [WARNING] [.WebGL-0xe4403a90000] GL_INVALID_FRAMEBUFFER_OPERATION: glDrawElements: Framebuffer is incomplete: Attachment has zero size. @ http://localhost:3001/:0
[  298892ms] [WARNING] [.WebGL-0xe4403a90000] GL_INVALID_FRAMEBUFFER_OPERATION: glDrawElements: Framebuffer is incomplete: Attachment has zero size. @ http://localhost:3001/:0
[  298892ms] [WARNING] [.WebGL-0xe4403a90000] GL_INVALID_FRAMEBUFFER_OPERATION: glDrawElements: Framebuffer is incomplete: Attachment has zero size. @ http://localhost:3001/:0
[  298892ms] [WARNING] [.WebGL-0xe4403a90000] GL_INVALID_FRAMEBUFFER_OPERATION: glDrawElements: Framebuffer is incomplete: Attachment has zero size. @ http://localhost:3001/:0
[  298892ms] [WARNING] [.WebGL-0xe4403a90000] GL_INVALID_FRAMEBUFFER_OPERATION: glDrawElements: Framebuffer is incomplete: Attachment has zero size. @ http://localhost:3001/:0
[  298892ms] [WARNING] [.WebGL-0xe4403a90000] GL_INVALID_FRAMEBUFFER_OPERATION: glDrawElements: Framebuffer is incomplete: Attachment has zero size. @ http://localhost:3001/:0
[  298892ms] [WARNING] [.WebGL-0xe4403a90000] GL_INVALID_FRAMEBUFFER_OPERATION: glDrawElements: Framebuffer is incomplete: Attachment has zero size. @ http://localhost:3001/:0
[  298892ms] [WARNING] [.WebGL-0xe4403a90000] GL_INVALID_FRAMEBUFFER_OPERATION: glDrawElements: Framebuffer is incomplete: Attachment has zero size. @ http://localhost:3001/:0
[  298892ms] [WARNING] [.WebGL-0xe4403a90000] GL_INVALID_FRAMEBUFFER_OPERATION: glDrawElements: Framebuffer is incomplete: Attachment has zero size. @ http://localhost:3001/:0
[  298895ms] [WARNING] [.WebGL-0xe4403a90000] GL_INVALID_FRAMEBUFFER_OPERATION: glDrawElements: Framebuffer is incomplete: Attachment has zero size. @ http://localhost:3001/:0
[  298895ms] [WARNING] [.WebGL-0xe4403a90000] GL_INVALID_FRAMEBUFFER_OPERATION: glDrawElements: Framebuffer is incomplete: Attachment has zero size. @ http://localhost:3001/:0
[  298895ms] [WARNING] [.WebGL-0xe4403a90000] GL_INVALID_FRAMEBUFFER_OPERATION: glDrawElements: Framebuffer is incomplete: Attachment has zero size. @ http://localhost:3001/:0
[  298895ms] [WARNING] [.WebGL-0xe4403a90000] GL_INVALID_FRAMEBUFFER_OPERATION: glDrawElements: Framebuffer is incomplete: Attachment has zero size. @ http://localhost:3001/:0
[  298895ms] [WARNING] [.WebGL-0xe4403a90000] GL_INVALID_FRAMEBUFFER_OPERATION: glDrawArrays: Framebuffer is incomplete: Attachment has zero size. @ http://localhost:3001/:0
[  298895ms] [WARNING] [.WebGL-0xe4403a90000] GL_INVALID_FRAMEBUFFER_OPERATION: glDrawArrays: Framebuffer is incomplete: Attachment has zero size. @ http://localhost:3001/:0
[  298895ms] [WARNING] [.WebGL-0xe4403a90000] GL_INVALID_FRAMEBUFFER_OPERATION: glDrawArrays: Framebuffer is incomplete: Attachment has zero size. @ http://localhost:3001/:0
[  298895ms] [WARNING] [.WebGL-0xe4403a90000] GL_INVALID_FRAMEBUFFER_OPERATION: glDrawArrays: Framebuffer is incomplete: Attachment has zero size. @ http://localhost:3001/:0
[  298925ms] [WARNING] [.WebGL-0xe4403a90000] GL_INVALID_FRAMEBUFFER_OPERATION: glDrawArrays: Framebuffer is incomplete: Attachment has zero size. @ http://localhost:3001/:0
[  298925ms] [WARNING] [.WebGL-0xe4403a90000] GL_INVALID_FRAMEBUFFER_OPERATION: glDrawArrays: Framebuffer is incomplete: Attachment has zero size. @ http://localhost:3001/:0
[  298925ms] [WARNING] [.WebGL-0xe4403a90000] GL_INVALID_FRAMEBUFFER_OPERATION: glDrawArrays: Framebuffer is incomplete: Attachment has zero size. @ http://localhost:3001/:0
[  298925ms] [WARNING] [.WebGL-0xe4403a90000] GL_INVALID_FRAMEBUFFER_OPERATION: glClear: Framebuffer is incomplete: Attachment has zero size. @ http://localhost:3001/:0
[  298925ms] [WARNING] [.WebGL-0xe4403a90000] GL_INVALID_FRAMEBUFFER_OPERATION: glClearBufferfv: Framebuffer is incomplete: Attachment has zero size. @ http://localhost:3001/:0
[  298925ms] [WARNING] [.WebGL-0xe4403a90000] GL_INVALID_FRAMEBUFFER_OPERATION: glDrawElements: Framebuffer is incomplete: Attachment has zero size. @ http://localhost:3001/:0
[  298925ms] [WARNING] [.WebGL-0xe4403a90000] GL_INVALID_FRAMEBUFFER_OPERATION: glDrawElements: Framebuffer is incomplete: Attachment has zero size. @ http://localhost:3001/:0
[  298925ms] [WARNING] [.WebGL-0xe4403a90000] GL_INVALID_FRAMEBUFFER_OPERATION: glDrawElements: Framebuffer is incomplete: Attachment has zero size. @ http://localhost:3001/:0
[  298925ms] [WARNING] [.WebGL-0xe4403a90000] GL_INVALID_FRAMEBUFFER_OPERATION: glDrawElements: Framebuffer is incomplete: Attachment has zero size. @ http://localhost:3001/:0
[  298925ms] [WARNING] [.WebGL-0xe4403a90000] GL_INVALID_FRAMEBUFFER_OPERATION: glDrawElements: Framebuffer is incomplete: Attachment has zero size. @ http://localhost:3001/:0
[  298925ms] [WARNING] [.WebGL-0xe4403a90000] GL_INVALID_FRAMEBUFFER_OPERATION: glDrawElements: Framebuffer is incomplete: Attachment has zero size. @ http://localhost:3001/:0
[  298925ms] [WARNING] [.WebGL-0xe4403a90000] GL_INVALID_FRAMEBUFFER_OPERATION: glDrawElements: Framebuffer is incomplete: Attachment has zero size. @ http://localhost:3001/:0
[  298925ms] [WARNING] [.WebGL-0xe4403a90000] GL_INVALID_FRAMEBUFFER_OPERATION: glDrawElements: Framebuffer is incomplete: Attachment has zero size. @ http://localhost:3001/:0
[  298925ms] [WARNING] [.WebGL-0xe4403a90000] GL_INVALID_FRAMEBUFFER_OPERATION: glDrawElements: Framebuffer is incomplete: Attachment has zero size. @ http://localhost:3001/:0
[  298925ms] [WARNING] [.WebGL-0xe4403a90000] GL_INVALID_FRAMEBUFFER_OPERATION: glDrawElements: Framebuffer is incomplete: Attachment has zero size. @ http://localhost:3001/:0
[  298925ms] [WARNING] [.WebGL-0xe4403a90000] GL_INVALID_FRAMEBUFFER_OPERATION: glDrawElements: Framebuffer is incomplete: Attachment has zero size. @ http://localhost:3001/:0
[  298925ms] [WARNING] [.WebGL-0xe4403a90000] GL_INVALID_FRAMEBUFFER_OPERATION: glDrawElements: Framebuffer is incomplete: Attachment has zero size. @ http://localhost:3001/:0
[  298925ms] [WARNING] [.WebGL-0xe4403a90000] GL_INVALID_FRAMEBUFFER_OPERATION: glDrawElements: Framebuffer is incomplete: Attachment has zero size. @ http://localhost:3001/:0
[  298925ms] [WARNING] [.WebGL-0xe4403a90000] GL_INVALID_FRAMEBUFFER_OPERATION: glDrawElements: Framebuffer is incomplete: Attachment has zero size. @ http://localhost:3001/:0
[  298925ms] [WARNING] [.WebGL-0xe4403a90000] GL_INVALID_FRAMEBUFFER_OPERATION: glDrawElements: Framebuffer is incomplete: Attachment has zero size. @ http://localhost:3001/:0
[  298926ms] [WARNING] [.WebGL-0xe4403a90000] GL_INVALID_FRAMEBUFFER_OPERATION: glDrawElements: Framebuffer is incomplete: Attachment has zero size. @ http://localhost:3001/:0
[  298926ms] [WARNING] [.WebGL-0xe4403a90000] GL_INVALID_FRAMEBUFFER_OPERATION: glDrawElements: Framebuffer is incomplete: Attachment has zero size. @ http://localhost:3001/:0
[  298926ms] [WARNING] [.WebGL-0xe4403a90000] GL_INVALID_FRAMEBUFFER_OPERATION: glDrawElements: Framebuffer is incomplete: Attachment has zero size. @ http://localhost:3001/:0
[  298926ms] [WARNING] [.WebGL-0xe4403a90000] GL_INVALID_FRAMEBUFFER_OPERATION: glDrawElements: Framebuffer is incomplete: Attachment has zero size. @ http://localhost:3001/:0
[  298926ms] [WARNING] [.WebGL-0xe4403a90000] GL_INVALID_FRAMEBUFFER_OPERATION: glDrawArrays: Framebuffer is incomplete: Attachment has zero size. @ http://localhost:3001/:0
[  298926ms] [WARNING] [.WebGL-0xe4403a90000] GL_INVALID_FRAMEBUFFER_OPERATION: glDrawArrays: Framebuffer is incomplete: Attachment has zero size. @ http://localhost:3001/:0
[  298926ms] [WARNING] [.WebGL-0xe4403a90000] GL_INVALID_FRAMEBUFFER_OPERATION: glDrawArrays: Framebuffer is incomplete: Attachment has zero size. @ http://localhost:3001/:0
[  298926ms] [WARNING] [.WebGL-0xe4403a90000] GL_INVALID_FRAMEBUFFER_OPERATION: glDrawArrays: Framebuffer is incomplete: Attachment has zero size. @ http://localhost:3001/:0
[  298926ms] [WARNING] [.WebGL-0xe4403a90000] GL_INVALID_FRAMEBUFFER_OPERATION: glDrawArrays: Framebuffer is incomplete: Attachment has zero size. @ http://localhost:3001/:0
[  298926ms] [WARNING] [.WebGL-0xe4403a90000] GL_INVALID_FRAMEBUFFER_OPERATION: glDrawArrays: Framebuffer is incomplete: Attachment has zero size. @ http://localhost:3001/:0
[  298926ms] [WARNING] [.WebGL-0xe4403a90000] GL_INVALID_FRAMEBUFFER_OPERATION: glDrawArrays: Framebuffer is incomplete: Attachment has zero size. @ http://localhost:3001/:0
[  298926ms] [WARNING] [.WebGL-0xe4403a90000] GL_INVALID_FRAMEBUFFER_OPERATION: glClear: Framebuffer is incomplete: Attachment has zero size. @ http://localhost:3001/:0
[  298926ms] [WARNING] [.WebGL-0xe4403a90000] GL_INVALID_FRAMEBUFFER_OPERATION: glClearBufferfv: Framebuffer is incomplete: Attachment has zero size. @ http://localhost:3001/:0
[  298926ms] [WARNING] [.WebGL-0xe4403a90000] GL_INVALID_FRAMEBUFFER_OPERATION: glDrawElements: Framebuffer is incomplete: Attachment has zero size. @ http://localhost:3001/:0
[  298926ms] [WARNING] WebGL: too many errors, no more errors will be reported to the console for this context. @ http://localhost:3001/:0
[  300712ms] [ERROR] Missing property @ https://unpkg.com/@splinetool/viewer@1.12.73/build/spline-viewer.js:8141
